<?xml version="1.0" encoding="UTF-8"?>
<testng-results ignored="0" total="1" passed="1" failed="0" skipped="0">
  <reporter-output>
  </reporter-output>
  <suite started-at="2022-09-08T12:49:50 IST" name="Default suite" finished-at="2022-09-08T12:49:50 IST" duration-ms="90">
    <groups>
    </groups>
    <test started-at="2022-09-08T12:49:50 IST" name="Default test" finished-at="2022-09-08T12:49:50 IST" duration-ms="90">
      <class name="demoTest.d1Test">
        <test-method signature="d1Test()[pri:0, instance:demoTest.d1Test@7f552bd3]" started-at="2022-09-08T12:49:50 IST" name="d1Test" finished-at="2022-09-08T12:49:50 IST" duration-ms="15" status="PASS">
          <reporter-output>
          </reporter-output>
        </test-method> <!-- d1Test -->
      </class> <!-- demoTest.d1Test -->
    </test> <!-- Default test -->
  </suite> <!-- Default suite -->
</testng-results>
